<?xml version="1.0" encoding="UTF-8"?>
<robot generator="Robot 5.0.1 (Python 3.10.5 on win32)" generated="20220702 20:37:13.047" rpa="false" schemaversion="3">
<suite id="s1" name="Order" source="D:\QA\TaskWebRobot\pageObjects\Order.robot">
<test id="s1-t1" name="I order one product" line="12">
<kw name="Open Browser" library="SeleniumLibrary" type="SETUP">
<arg>${base_url}</arg>
<arg>${browser_setup}</arg>
<doc>Opens a new browser instance to the optional ``url``.</doc>
<msg timestamp="20220702 20:37:13.239" level="INFO">Opening browser 'Chrome' to base url 'http://automationpractice.com/index.php?id_product=3&amp;controller=product'.</msg>
<status status="PASS" starttime="20220702 20:37:13.238" endtime="20220702 20:38:40.798"/>
</kw>
<kw name="Maximize Browser Window" library="SeleniumLibrary">
<doc>Maximizes current browser window.</doc>
<msg timestamp="20220702 20:38:57.081" level="WARN">Keyword 'Capture Page Screenshot' could not be run on failure: Message: chrome not reachable
  (Session info: chrome=103.0.5060.66)
</msg>
<msg timestamp="20220702 20:38:57.085" level="FAIL">WebDriverException: Message: chrome not reachable
  (Session info: chrome=103.0.5060.66)
</msg>
<status status="FAIL" starttime="20220702 20:38:40.799" endtime="20220702 20:38:57.099"/>
</kw>
<kw name="Sleep" library="BuiltIn">
<arg>5s</arg>
<doc>Pauses the test executed for the given time.</doc>
<status status="NOT RUN" starttime="20220702 20:38:57.100" endtime="20220702 20:38:57.100"/>
</kw>
<kw name="Click Element" library="SeleniumLibrary">
<arg>(//button[@type="submit"])[3]</arg>
<doc>Click the element identified by ``locator``.</doc>
<status status="NOT RUN" starttime="20220702 20:38:57.100" endtime="20220702 20:38:57.100"/>
</kw>
<kw name="Sleep" library="BuiltIn">
<arg>5s</arg>
<doc>Pauses the test executed for the given time.</doc>
<status status="NOT RUN" starttime="20220702 20:38:57.100" endtime="20220702 20:38:57.100"/>
</kw>
<kw name="Element Should Be Visible" library="SeleniumLibrary">
<arg>//*[@class="btn btn-default button button-medium"]</arg>
<doc>Verifies that the element identified by ``locator`` is visible.</doc>
<status status="NOT RUN" starttime="20220702 20:38:57.100" endtime="20220702 20:38:57.100"/>
</kw>
<kw name="Click Element" library="SeleniumLibrary">
<arg>//*[@class="btn btn-default button button-medium"]</arg>
<doc>Click the element identified by ``locator``.</doc>
<status status="NOT RUN" starttime="20220702 20:38:57.100" endtime="20220702 20:38:57.101"/>
</kw>
<kw name="Close Browser" library="SeleniumLibrary" type="TEARDOWN">
<doc>Closes the current browser.</doc>
<status status="PASS" starttime="20220702 20:38:57.101" endtime="20220702 20:38:59.187"/>
</kw>
<status status="FAIL" starttime="20220702 20:37:13.238" endtime="20220702 20:38:59.188">WebDriverException: Message: chrome not reachable
  (Session info: chrome=103.0.5060.66)
</status>
</test>
<status status="FAIL" starttime="20220702 20:37:13.049" endtime="20220702 20:38:59.191"/>
</suite>
<statistics>
<total>
<stat pass="0" fail="1" skip="0">All Tests</stat>
</total>
<tag>
</tag>
<suite>
<stat pass="0" fail="1" skip="0" id="s1" name="Order">Order</stat>
</suite>
</statistics>
<errors>
<msg timestamp="20220702 20:38:57.081" level="WARN">Keyword 'Capture Page Screenshot' could not be run on failure: Message: chrome not reachable
  (Session info: chrome=103.0.5060.66)
</msg>
</errors>
</robot>
